{"total": {"lines":{"total":706,"covered":274,"skipped":0,"pct":38.81},"statements":{"total":725,"covered":279,"skipped":0,"pct":38.48},"functions":{"total":112,"covered":49,"skipped":0,"pct":43.75},"branches":{"total":530,"covered":183,"skipped":0,"pct":34.52},"branchesTrue":{"total":0,"covered":0,"skipped":0,"pct":"Unknown"}}
,"/home/ezekiel001/SoroTask/keeper/src/concurrency.js": {"lines":{"total":50,"covered":47,"skipped":0,"pct":94},"functions":{"total":8,"covered":6,"skipped":0,"pct":75},"statements":{"total":51,"covered":47,"skipped":0,"pct":92.15},"branches":{"total":26,"covered":23,"skipped":0,"pct":88.46}}
,"/home/ezekiel001/SoroTask/keeper/src/logger.js": {"lines":{"total":44,"covered":33,"skipped":0,"pct":75},"functions":{"total":27,"covered":18,"skipped":0,"pct":66.66},"statements":{"total":44,"covered":33,"skipped":0,"pct":75},"branches":{"total":26,"covered":15,"skipped":0,"pct":57.69}}
,"/home/ezekiel001/SoroTask/keeper/src/poller.js": {"lines":{"total":258,"covered":0,"skipped":0,"pct":0},"functions":{"total":22,"covered":0,"skipped":0,"pct":0},"statements":{"total":260,"covered":0,"skipped":0,"pct":0},"branches":{"total":195,"covered":0,"skipped":0,"pct":0}}
,"/home/ezekiel001/SoroTask/keeper/src/queue.js": {"lines":{"total":147,"covered":124,"skipped":0,"pct":84.35},"functions":{"total":19,"covered":12,"skipped":0,"pct":63.15},"statements":{"total":150,"covered":125,"skipped":0,"pct":83.33},"branches":{"total":108,"covered":74,"skipped":0,"pct":68.51}}
,"/home/ezekiel001/SoroTask/keeper/src/registry.js": {"lines":{"total":136,"covered":0,"skipped":0,"pct":0},"functions":{"total":23,"covered":0,"skipped":0,"pct":0},"statements":{"total":145,"covered":0,"skipped":0,"pct":0},"branches":{"total":97,"covered":0,"skipped":0,"pct":0}}
,"/home/ezekiel001/SoroTask/keeper/src/retry.js": {"lines":{"total":71,"covered":70,"skipped":0,"pct":98.59},"functions":{"total":13,"covered":13,"skipped":0,"pct":100},"statements":{"total":75,"covered":74,"skipped":0,"pct":98.66},"branches":{"total":78,"covered":71,"skipped":0,"pct":91.02}}
}
