TN:
SF:src/concurrency.js
FN:12,createRateLimiter
FN:22,(anonymous_1)
FN:82,(anonymous_2)
FN:88,(anonymous_3)
FN:89,(anonymous_4)
FN:94,(anonymous_5)
FN:101,(anonymous_6)
FN:113,createConcurrencyLimit
FNF:8
FNH:6
FNDA:58,createRateLimiter
FNDA:140,(anonymous_1)
FNDA:54,(anonymous_2)
FNDA:61,(anonymous_3)
FNDA:61,(anonymous_4)
FNDA:3,(anonymous_5)
FNDA:0,(anonymous_6)
FNDA:0,createConcurrencyLimit
DA:13,58
DA:14,58
DA:15,58
DA:16,58
DA:17,58
DA:19,58
DA:20,58
DA:22,58
DA:23,140
DA:24,47
DA:28,93
DA:29,10
DA:33,83
DA:34,77
DA:36,77
DA:37,12
DA:40,77
DA:41,25
DA:42,3
DA:43,3
DA:44,0
DA:53,25
DA:54,3
DA:58,25
DA:59,25
DA:60,25
DA:61,25
DA:65,58
DA:66,3
DA:67,3
DA:68,0
DA:72,58
DA:73,58
DA:75,58
DA:76,52
DA:79,58
DA:83,54
DA:84,54
DA:88,58
DA:89,61
DA:90,61
DA:91,61
DA:94,58
DA:95,3
DA:96,2
DA:97,2
DA:101,58
DA:107,58
DA:114,0
DA:117,2
LF:50
LH:47
BRDA:12,0,0,0
BRDA:13,1,0,2
BRDA:13,2,0,2
BRDA:13,3,0,4
BRDA:23,4,0,47
BRDA:23,4,1,93
BRDA:28,5,0,10
BRDA:28,5,1,83
BRDA:33,6,0,77
BRDA:33,6,1,6
BRDA:36,7,0,89
BRDA:36,7,1,62
BRDA:40,8,0,25
BRDA:40,8,1,52
BRDA:41,9,0,3
BRDA:41,9,1,22
BRDA:43,10,0,0
BRDA:43,10,1,3
BRDA:53,11,0,3
BRDA:53,11,1,22
BRDA:65,12,0,3
BRDA:65,12,1,55
BRDA:67,13,0,0
BRDA:67,13,1,3
BRDA:75,14,0,52
BRDA:75,14,1,6
BRF:26
BRH:23
end_of_record
TN:
SF:src/logger.js
FN:34,normalizeLogLevel
FN:38,shouldUsePrettyTransport
FN:48,createBaseLogger
FN:60,(anonymous_3)
FN:67,(anonymous_4)
FN:72,(anonymous_5)
FN:104,getBaseLogger
FN:122,createLogger
FN:130,(anonymous_8)
FN:133,(anonymous_9)
FN:136,(anonymous_10)
FN:139,(anonymous_11)
FN:142,(anonymous_12)
FN:145,(anonymous_13)
FN:151,(anonymous_14)
FN:162,createTracedLogger
FN:164,(anonymous_16)
FN:167,(anonymous_17)
FN:170,(anonymous_18)
FN:173,(anonymous_19)
FN:176,(anonymous_20)
FN:179,(anonymous_21)
FN:183,(anonymous_22)
FN:195,createChildLogger
FN:205,reinitializeLogger
FN:214,getLogLevel
FN:222,setLogLevel
FNF:27
FNH:18
FNDA:30,normalizeLogLevel
FNDA:56,shouldUsePrettyTransport
FNDA:28,createBaseLogger
FNDA:28,(anonymous_3)
FNDA:168,(anonymous_4)
FNDA:228,(anonymous_5)
FNDA:147,getBaseLogger
FNDA:139,createLogger
FNDA:1,(anonymous_8)
FNDA:68,(anonymous_9)
FNDA:188,(anonymous_10)
FNDA:10,(anonymous_11)
FNDA:6,(anonymous_12)
FNDA:1,(anonymous_13)
FNDA:0,(anonymous_14)
FNDA:0,createTracedLogger
FNDA:0,(anonymous_16)
FNDA:0,(anonymous_17)
FNDA:0,(anonymous_18)
FNDA:0,(anonymous_19)
FNDA:0,(anonymous_20)
FNDA:0,(anonymous_21)
FNDA:0,(anonymous_22)
FNDA:1,createChildLogger
FNDA:2,reinitializeLogger
FNDA:3,getLogLevel
FNDA:1,setLogLevel
DA:14,32
DA:20,32
DA:32,32
DA:35,30
DA:39,56
DA:49,28
DA:61,28
DA:68,168
DA:72,228
DA:80,28
DA:81,1
DA:92,28
DA:93,28
DA:94,28
DA:98,32
DA:105,147
DA:106,26
DA:108,147
DA:123,139
DA:126,139
DA:129,139
DA:131,1
DA:134,68
DA:137,188
DA:140,10
DA:143,6
DA:146,1
DA:152,0
DA:153,0
DA:163,0
DA:165,0
DA:168,0
DA:171,0
DA:174,0
DA:177,0
DA:180,0
DA:184,0
DA:185,0
DA:196,1
DA:206,2
DA:207,2
DA:215,3
DA:223,1
DA:227,32
LF:44
LH:33
BRDA:35,0,0,4
BRDA:35,0,1,26
BRDA:48,1,0,26
BRDA:80,2,0,1
BRDA:80,2,1,27
BRDA:81,3,0,1
BRDA:81,3,1,1
BRDA:92,4,0,1
BRDA:92,4,1,27
BRDA:93,5,0,1
BRDA:93,5,1,27
BRDA:105,6,0,26
BRDA:105,6,1,121
BRDA:130,7,0,0
BRDA:133,8,0,0
BRDA:136,9,0,49
BRDA:139,10,0,2
BRDA:142,11,0,0
BRDA:145,12,0,0
BRDA:164,13,0,0
BRDA:167,14,0,0
BRDA:170,15,0,0
BRDA:173,16,0,0
BRDA:176,17,0,0
BRDA:179,18,0,0
BRDA:205,19,0,0
BRF:26
BRH:15
end_of_record
TN:
SF:src/poller.js
FN:15,(anonymous_0)
FN:64,(anonymous_1)
FN:111,(anonymous_2)
FN:183,(anonymous_3)
FN:184,(anonymous_4)
FN:202,(anonymous_5)
FN:243,(anonymous_6)
FN:245,(anonymous_7)
FN:246,(anonymous_8)
FN:301,(anonymous_9)
FN:455,(anonymous_10)
FN:510,(anonymous_11)
FN:538,(anonymous_12)
FN:587,(anonymous_13)
FN:602,(anonymous_14)
FN:630,(anonymous_15)
FN:652,(anonymous_16)
FN:681,(anonymous_17)
FN:685,(anonymous_18)
FN:696,(anonymous_19)
FN:706,(anonymous_20)
FN:716,(anonymous_21)
FNF:22
FNH:0
FNDA:0,(anonymous_0)
FNDA:0,(anonymous_1)
FNDA:0,(anonymous_2)
FNDA:0,(anonymous_3)
FNDA:0,(anonymous_4)
FNDA:0,(anonymous_5)
FNDA:0,(anonymous_6)
FNDA:0,(anonymous_7)
FNDA:0,(anonymous_8)
FNDA:0,(anonymous_9)
FNDA:0,(anonymous_10)
FNDA:0,(anonymous_11)
FNDA:0,(anonymous_12)
FNDA:0,(anonymous_13)
FNDA:0,(anonymous_14)
FNDA:0,(anonymous_15)
FNDA:0,(anonymous_16)
FNDA:0,(anonymous_17)
FNDA:0,(anonymous_18)
FNDA:0,(anonymous_19)
FNDA:0,(anonymous_20)
FNDA:0,(anonymous_21)
DA:1,0
DA:2,0
DA:3,0
DA:4,0
DA:5,0
DA:6,0
DA:7,0
DA:16,0
DA:17,0
DA:20,0
DA:23,0
DA:26,0
DA:27,0
DA:28,0
DA:29,0
DA:33,0
DA:39,0
DA:43,0
DA:49,0
DA:53,0
DA:59,0
DA:65,0
DA:66,0
DA:72,0
DA:83,0
DA:95,0
DA:101,0
DA:112,0
DA:113,0
DA:115,0
DA:116,0
DA:117,0
DA:118,0
DA:119,0
DA:120,0
DA:121,0
DA:122,0
DA:123,0
DA:125,0
DA:126,0
DA:128,0
DA:129,0
DA:130,0
DA:140,0
DA:143,0
DA:145,0
DA:146,0
DA:150,0
DA:153,0
DA:154,0
DA:156,0
DA:157,0
DA:158,0
DA:165,0
DA:166,0
DA:167,0
DA:169,0
DA:170,0
DA:182,0
DA:183,0
DA:184,0
DA:185,0
DA:186,0
DA:187,0
DA:188,0
DA:189,0
DA:193,0
DA:196,0
DA:197,0
DA:198,0
DA:199,0
DA:200,0
DA:202,0
DA:203,0
DA:204,0
DA:206,0
DA:207,0
DA:208,0
DA:209,0
DA:210,0
DA:212,0
DA:213,0
DA:214,0
DA:215,0
DA:218,0
DA:219,0
DA:222,0
DA:223,0
DA:224,0
DA:225,0
DA:228,0
DA:229,0
DA:230,0
DA:233,0
DA:234,0
DA:235,0
DA:236,0
DA:240,0
DA:242,0
DA:243,0
DA:245,0
DA:246,0
DA:248,0
DA:259,0
DA:260,0
DA:261,0
DA:265,0
DA:275,0
DA:277,0
DA:280,0
DA:281,0
DA:282,0
DA:283,0
DA:288,0
DA:302,0
DA:303,0
DA:307,0
DA:309,0
DA:312,0
DA:313,0
DA:316,0
DA:319,0
DA:320,0
DA:324,0
DA:325,0
DA:326,0
DA:330,0
DA:331,0
DA:335,0
DA:336,0
DA:337,0
DA:338,0
DA:342,0
DA:343,0
DA:344,0
DA:348,0
DA:349,0
DA:350,0
DA:351,0
DA:354,0
DA:355,0
DA:356,0
DA:358,0
DA:359,0
DA:360,0
DA:362,0
DA:365,0
DA:367,0
DA:368,0
DA:369,0
DA:371,0
DA:372,0
DA:382,0
DA:394,0
DA:395,0
DA:396,0
DA:407,0
DA:408,0
DA:418,0
DA:419,0
DA:428,0
DA:443,0
DA:444,0
DA:456,0
DA:457,0
DA:460,0
DA:466,0
DA:471,0
DA:479,0
DA:481,0
DA:482,0
DA:485,0
DA:487,0
DA:488,0
DA:492,0
DA:493,0
DA:497,0
DA:498,0
DA:500,0
DA:511,0
DA:513,0
DA:514,0
DA:518,0
DA:519,0
DA:520,0
DA:521,0
DA:522,0
DA:525,0
DA:529,0
DA:530,0
DA:531,0
DA:534,0
DA:535,0
DA:538,0
DA:539,0
DA:540,0
DA:542,0
DA:544,0
DA:545,0
DA:547,0
DA:548,0
DA:550,0
DA:551,0
DA:553,0
DA:554,0
DA:556,0
DA:557,0
DA:559,0
DA:560,0
DA:562,0
DA:563,0
DA:565,0
DA:566,0
DA:568,0
DA:569,0
DA:573,0
DA:576,0
DA:577,0
DA:588,0
DA:589,0
DA:603,0
DA:611,0
DA:612,0
DA:613,0
DA:615,0
DA:616,0
DA:617,0
DA:618,0
DA:620,0
DA:621,0
DA:622,0
DA:627,0
DA:631,0
DA:632,0
DA:634,0
DA:635,0
DA:637,0
DA:638,0
DA:640,0
DA:653,0
DA:654,0
DA:657,0
DA:658,0
DA:660,0
DA:661,0
DA:669,0
DA:671,0
DA:672,0
DA:682,0
DA:686,0
DA:697,0
DA:698,0
DA:707,0
DA:717,0
DA:718,0
DA:719,0
DA:721,0
DA:726,0
LF:258
LH:0
BRDA:15,0,0,0
BRDA:20,1,0,0
BRDA:20,1,1,0
BRDA:23,2,0,0
BRDA:23,2,1,0
BRDA:27,3,0,0
BRDA:27,3,1,0
BRDA:28,4,0,0
BRDA:28,4,1,0
BRDA:30,5,0,0
BRDA:30,5,1,0
BRDA:30,5,2,0
BRDA:34,6,0,0
BRDA:34,6,1,0
BRDA:34,6,2,0
BRDA:40,7,0,0
BRDA:40,7,1,0
BRDA:40,7,2,0
BRDA:44,8,0,0
BRDA:44,8,1,0
BRDA:44,8,2,0
BRDA:50,9,0,0
BRDA:50,9,1,0
BRDA:50,10,0,0
BRDA:50,10,1,0
BRDA:54,11,0,0
BRDA:54,11,1,0
BRDA:54,12,0,0
BRDA:54,12,1,0
BRDA:65,13,0,0
BRDA:65,13,1,0
BRDA:96,14,0,0
BRDA:96,14,1,0
BRDA:97,15,0,0
BRDA:97,15,1,0
BRDA:111,16,0,0
BRDA:128,17,0,0
BRDA:128,17,1,0
BRDA:128,18,0,0
BRDA:128,18,1,0
BRDA:156,19,0,0
BRDA:156,19,1,0
BRDA:157,20,0,0
BRDA:157,20,1,0
BRDA:157,20,2,0
BRDA:161,21,0,0
BRDA:161,21,1,0
BRDA:162,22,0,0
BRDA:162,22,1,0
BRDA:169,23,0,0
BRDA:169,23,1,0
BRDA:182,24,0,0
BRDA:182,24,1,0
BRDA:182,24,2,0
BRDA:203,25,0,0
BRDA:203,25,1,0
BRDA:206,26,0,0
BRDA:206,26,1,0
BRDA:209,27,0,0
BRDA:209,27,1,0
BRDA:212,28,0,0
BRDA:212,28,1,0
BRDA:214,29,0,0
BRDA:214,29,1,0
BRDA:218,30,0,0
BRDA:218,30,1,0
BRDA:222,31,0,0
BRDA:222,31,1,0
BRDA:224,32,0,0
BRDA:224,32,1,0
BRDA:228,33,0,0
BRDA:228,33,1,0
BRDA:228,34,0,0
BRDA:228,34,1,0
BRDA:234,35,0,0
BRDA:234,35,1,0
BRDA:236,36,0,0
BRDA:236,36,1,0
BRDA:242,37,0,0
BRDA:242,37,1,0
BRDA:253,38,0,0
BRDA:253,38,1,0
BRDA:259,39,0,0
BRDA:259,39,1,0
BRDA:270,40,0,0
BRDA:270,40,1,0
BRDA:270,41,0,0
BRDA:270,41,1,0
BRDA:282,42,0,0
BRDA:282,42,1,0
BRDA:301,43,0,0
BRDA:303,44,0,0
BRDA:303,44,1,0
BRDA:312,45,0,0
BRDA:312,45,1,0
BRDA:319,46,0,0
BRDA:319,46,1,0
BRDA:324,47,0,0
BRDA:324,47,1,0
BRDA:330,48,0,0
BRDA:330,48,1,0
BRDA:331,49,0,0
BRDA:331,49,1,0
BRDA:335,50,0,0
BRDA:335,50,1,0
BRDA:336,51,0,0
BRDA:336,51,1,0
BRDA:342,52,0,0
BRDA:342,52,1,0
BRDA:350,53,0,0
BRDA:350,53,1,0
BRDA:362,54,0,0
BRDA:362,54,1,0
BRDA:367,55,0,0
BRDA:367,55,1,0
BRDA:371,56,0,0
BRDA:371,56,1,0
BRDA:394,57,0,0
BRDA:394,57,1,0
BRDA:407,58,0,0
BRDA:407,58,1,0
BRDA:407,59,0,0
BRDA:407,59,1,0
BRDA:418,60,0,0
BRDA:418,60,1,0
BRDA:424,61,0,0
BRDA:424,61,1,0
BRDA:432,62,0,0
BRDA:432,62,1,0
BRDA:435,63,0,0
BRDA:435,63,1,0
BRDA:473,64,0,0
BRDA:473,64,1,0
BRDA:481,65,0,0
BRDA:481,65,1,0
BRDA:481,66,0,0
BRDA:481,66,1,0
BRDA:487,67,0,0
BRDA:487,67,1,0
BRDA:497,68,0,0
BRDA:497,68,1,0
BRDA:497,69,0,0
BRDA:497,69,1,0
BRDA:513,70,0,0
BRDA:513,70,1,0
BRDA:519,71,0,0
BRDA:519,71,1,0
BRDA:521,72,0,0
BRDA:521,72,1,0
BRDA:529,73,0,0
BRDA:529,73,1,0
BRDA:542,74,0,0
BRDA:542,74,1,0
BRDA:542,74,2,0
BRDA:542,74,3,0
BRDA:542,74,4,0
BRDA:542,74,5,0
BRDA:542,74,6,0
BRDA:542,74,7,0
BRDA:542,74,8,0
BRDA:588,75,0,0
BRDA:588,75,1,0
BRDA:602,76,0,0
BRDA:612,77,0,0
BRDA:612,77,1,0
BRDA:612,78,0,0
BRDA:612,78,1,0
BRDA:615,79,0,0
BRDA:615,79,1,0
BRDA:615,80,0,0
BRDA:615,80,1,0
BRDA:617,81,0,0
BRDA:617,81,1,0
BRDA:621,82,0,0
BRDA:621,82,1,0
BRDA:627,83,0,0
BRDA:627,83,1,0
BRDA:631,84,0,0
BRDA:631,84,1,0
BRDA:631,85,0,0
BRDA:631,85,1,0
BRDA:634,86,0,0
BRDA:634,86,1,0
BRDA:637,87,0,0
BRDA:637,87,1,0
BRDA:653,88,0,0
BRDA:653,88,1,0
BRDA:660,89,0,0
BRDA:660,89,1,0
BRDA:660,90,0,0
BRDA:660,90,1,0
BRDA:697,91,0,0
BRDA:697,91,1,0
BRDA:717,92,0,0
BRDA:717,92,1,0
BRF:195
BRH:0
end_of_record
TN:
SF:src/queue.js
FN:15,(anonymous_0)
FN:48,(anonymous_1)
FN:68,(anonymous_2)
FN:77,(anonymous_3)
FN:84,(anonymous_4)
FN:92,(anonymous_5)
FN:100,(anonymous_6)
FN:112,(anonymous_7)
FN:113,(anonymous_8)
FN:251,(anonymous_9)
FN:256,(anonymous_10)
FN:274,(anonymous_11)
FN:279,(anonymous_12)
FN:284,(anonymous_13)
FN:285,(anonymous_14)
FN:293,(anonymous_15)
FN:317,(anonymous_16)
FN:328,(anonymous_17)
FN:341,(anonymous_18)
FNF:19
FNH:12
FNDA:54,(anonymous_0)
FNDA:0,(anonymous_1)
FNDA:1,(anonymous_2)
FNDA:0,(anonymous_3)
FNDA:0,(anonymous_4)
FNDA:24,(anonymous_5)
FNDA:41,(anonymous_6)
FNDA:39,(anonymous_7)
FNDA:38,(anonymous_8)
FNDA:2,(anonymous_9)
FNDA:2,(anonymous_10)
FNDA:2,(anonymous_11)
FNDA:0,(anonymous_12)
FNDA:2,(anonymous_13)
FNDA:0,(anonymous_14)
FNDA:2,(anonymous_15)
FNDA:0,(anonymous_16)
FNDA:2,(anonymous_17)
FNDA:0,(anonymous_18)
DA:1,1
DA:2,1
DA:3,1
DA:4,1
DA:5,1
DA:7,1
DA:8,1
DA:16,54
DA:18,54
DA:19,54
DA:20,54
DA:23,54
DA:25,54
DA:29,54
DA:33,54
DA:38,54
DA:43,54
DA:49,0
DA:50,0
DA:55,54
DA:57,54
DA:58,54
DA:59,54
DA:60,54
DA:62,54
DA:63,54
DA:64,54
DA:65,54
DA:69,1
DA:70,1
DA:78,0
DA:79,0
DA:82,0
DA:83,0
DA:84,0
DA:85,0
DA:93,24
DA:94,1
DA:97,1
DA:100,23
DA:101,41
DA:102,41
DA:105,23
DA:107,23
DA:108,4
DA:111,23
DA:112,23
DA:113,39
DA:114,38
DA:115,0
DA:118,38
DA:119,38
DA:120,38
DA:121,38
DA:123,38
DA:124,2
DA:125,2
DA:127,2
DA:128,1
DA:129,0
DA:131,1
DA:136,1
DA:140,37
DA:141,37
DA:143,37
DA:145,37
DA:147,37
DA:148,37
DA:149,37
DA:150,37
DA:151,37
DA:152,12
DA:153,12
DA:154,12
DA:158,25
DA:160,17
DA:162,17
DA:163,17
DA:166,17
DA:167,0
DA:170,17
DA:171,1
DA:176,17
DA:178,4
DA:179,4
DA:181,4
DA:184,4
DA:186,4
DA:187,4
DA:195,4
DA:196,0
DA:199,4
DA:200,0
DA:206,4
DA:208,33
DA:209,21
DA:210,21
DA:212,0
DA:215,33
DA:220,23
DA:222,23
DA:223,23
DA:225,0
DA:229,21
DA:230,21
DA:231,1
DA:234,21
DA:241,21
DA:242,21
DA:243,21
DA:244,21
DA:252,2
DA:256,2
DA:258,2
DA:259,2
DA:261,2
DA:267,2
DA:268,2
DA:269,2
DA:271,2
DA:273,2
DA:275,2
DA:276,0
DA:278,2
DA:279,0
DA:280,0
DA:282,2
DA:285,2
DA:286,0
DA:290,0
DA:293,2
DA:297,2
DA:298,2
DA:307,2
DA:308,2
DA:310,0
DA:313,2
DA:314,2
DA:318,0
DA:329,2
DA:330,2
DA:332,2
DA:334,2
DA:335,2
DA:338,2
DA:342,0
DA:348,1
LF:147
LH:124
BRDA:15,0,0,4
BRDA:18,1,0,54
BRDA:18,1,1,54
BRDA:20,2,0,54
BRDA:20,2,1,52
BRDA:25,3,0,54
BRDA:25,3,1,0
BRDA:25,3,2,0
BRDA:29,4,0,0
BRDA:29,4,1,54
BRDA:34,5,0,54
BRDA:34,5,1,2
BRDA:34,5,2,1
BRDA:39,6,0,54
BRDA:39,6,1,54
BRDA:39,6,2,54
BRDA:49,7,0,0
BRDA:49,7,1,0
BRDA:69,8,0,1
BRDA:69,8,1,0
BRDA:69,9,0,1
BRDA:69,9,1,1
BRDA:77,10,0,0
BRDA:77,11,0,0
BRDA:77,11,1,0
BRDA:78,12,0,0
BRDA:78,12,1,0
BRDA:78,13,0,0
BRDA:78,13,1,0
BRDA:92,14,0,23
BRDA:93,15,0,1
BRDA:93,15,1,23
BRDA:100,16,0,23
BRDA:100,16,1,0
BRDA:101,17,0,0
BRDA:101,17,1,41
BRDA:102,18,0,41
BRDA:102,18,1,40
BRDA:107,19,0,4
BRDA:107,19,1,19
BRDA:114,20,0,0
BRDA:114,20,1,38
BRDA:118,21,0,0
BRDA:118,21,1,38
BRDA:119,22,0,0
BRDA:119,22,1,38
BRDA:119,23,0,38
BRDA:119,23,1,0
BRDA:123,24,0,2
BRDA:123,24,1,36
BRDA:127,25,0,1
BRDA:127,25,1,1
BRDA:128,26,0,0
BRDA:128,26,1,1
BRDA:145,27,0,37
BRDA:145,27,1,36
BRDA:148,28,0,37
BRDA:148,28,1,0
BRDA:149,29,0,37
BRDA:149,29,1,37
BRDA:151,30,0,12
BRDA:151,30,1,25
BRDA:162,31,0,17
BRDA:162,31,1,0
BRDA:162,32,0,17
BRDA:162,32,1,17
BRDA:166,33,0,0
BRDA:166,33,1,17
BRDA:170,34,0,1
BRDA:170,34,1,16
BRDA:181,35,0,4
BRDA:181,35,1,0
BRDA:181,36,0,4
BRDA:181,36,1,4
BRDA:184,37,0,4
BRDA:184,37,1,4
BRDA:186,38,0,4
BRDA:186,38,1,0
BRDA:186,39,0,4
BRDA:186,39,1,4
BRDA:195,40,0,0
BRDA:195,40,1,4
BRDA:199,41,0,0
BRDA:199,41,1,4
BRDA:208,42,0,21
BRDA:208,42,1,12
BRDA:230,43,0,1
BRDA:230,43,1,20
BRDA:230,44,0,21
BRDA:230,44,1,4
BRDA:251,45,0,2
BRDA:253,46,0,2
BRDA:253,46,1,2
BRDA:253,46,2,2
BRDA:256,47,0,2
BRDA:256,47,1,2
BRDA:275,48,0,0
BRDA:275,48,1,2
BRDA:307,49,0,2
BRDA:307,49,1,0
BRDA:334,50,0,2
BRDA:334,50,1,0
BRDA:334,51,0,2
BRDA:334,51,1,2
BRDA:342,52,0,0
BRDA:342,52,1,0
BRDA:342,53,0,0
BRDA:342,53,1,0
BRF:108
BRH:74
end_of_record
TN:
SF:src/registry.js
FN:23,(anonymous_0)
FN:40,(anonymous_1)
FN:64,(anonymous_2)
FN:72,(anonymous_3)
FN:73,(anonymous_4)
FN:84,(anonymous_5)
FN:88,(anonymous_6)
FN:89,(anonymous_7)
FN:96,(anonymous_8)
FN:97,(anonymous_9)
FN:105,(anonymous_10)
FN:117,(anonymous_11)
FN:189,(anonymous_12)
FN:191,(anonymous_13)
FN:271,(anonymous_14)
FN:279,(anonymous_15)
FN:287,(anonymous_16)
FN:303,(anonymous_17)
FN:309,(anonymous_18)
FN:320,(anonymous_19)
FN:323,(anonymous_20)
FN:337,(anonymous_21)
FN:341,(anonymous_22)
FNF:23
FNH:0
FNDA:0,(anonymous_0)
FNDA:0,(anonymous_1)
FNDA:0,(anonymous_2)
FNDA:0,(anonymous_3)
FNDA:0,(anonymous_4)
FNDA:0,(anonymous_5)
FNDA:0,(anonymous_6)
FNDA:0,(anonymous_7)
FNDA:0,(anonymous_8)
FNDA:0,(anonymous_9)
FNDA:0,(anonymous_10)
FNDA:0,(anonymous_11)
FNDA:0,(anonymous_12)
FNDA:0,(anonymous_13)
FNDA:0,(anonymous_14)
FNDA:0,(anonymous_15)
FNDA:0,(anonymous_16)
FNDA:0,(anonymous_17)
FNDA:0,(anonymous_18)
FNDA:0,(anonymous_19)
FNDA:0,(anonymous_20)
FNDA:0,(anonymous_21)
FNDA:0,(anonymous_22)
DA:1,0
DA:2,0
DA:3,0
DA:4,0
DA:6,0
DA:7,0
DA:8,0
DA:10,0
DA:24,0
DA:25,0
DA:26,0
DA:27,0
DA:28,0
DA:29,0
DA:30,0
DA:31,0
DA:32,0
DA:33,0
DA:41,0
DA:44,0
DA:45,0
DA:46,0
DA:51,0
DA:52,0
DA:53,0
DA:56,0
DA:57,0
DA:65,0
DA:73,0
DA:85,0
DA:87,0
DA:88,0
DA:89,0
DA:97,0
DA:106,0
DA:107,0
DA:110,0
DA:111,0
DA:118,0
DA:119,0
DA:120,0
DA:122,0
DA:124,0
DA:127,0
DA:130,0
DA:131,0
DA:133,0
DA:138,0
DA:139,0
DA:151,0
DA:152,0
DA:153,0
DA:156,0
DA:158,0
DA:159,0
DA:160,0
DA:163,0
DA:164,0
DA:165,0
DA:167,0
DA:171,0
DA:172,0
DA:176,0
DA:177,0
DA:179,0
DA:183,0
DA:185,0
DA:190,0
DA:191,0
DA:192,0
DA:196,0
DA:197,0
DA:200,0
DA:203,0
DA:205,0
DA:206,0
DA:208,0
DA:210,0
DA:214,0
DA:215,0
DA:222,0
DA:225,0
DA:226,0
DA:229,0
DA:230,0
DA:234,0
DA:235,0
DA:240,0
DA:244,0
DA:245,0
DA:246,0
DA:250,0
DA:251,0
DA:252,0
DA:255,0
DA:256,0
DA:257,0
DA:261,0
DA:262,0
DA:263,0
DA:264,0
DA:266,0
DA:270,0
DA:271,0
DA:272,0
DA:280,0
DA:282,0
DA:283,0
DA:287,0
DA:290,0
DA:292,0
DA:293,0
DA:296,0
DA:300,0
DA:304,0
DA:305,0
DA:310,0
DA:311,0
DA:312,0
DA:313,0
DA:314,0
DA:319,0
DA:320,0
DA:322,0
DA:323,0
DA:324,0
DA:327,0
DA:328,0
DA:330,0
DA:333,0
DA:338,0
DA:339,0
DA:341,0
DA:346,0
DA:348,0
DA:353,0
LF:136
LH:0
BRDA:23,0,0,0
BRDA:28,1,0,0
BRDA:28,1,1,0
BRDA:30,2,0,0
BRDA:30,2,1,0
BRDA:31,3,0,0
BRDA:31,3,1,0
BRDA:45,4,0,0
BRDA:45,4,1,0
BRDA:45,5,0,0
BRDA:45,5,1,0
BRDA:85,6,0,0
BRDA:85,6,1,0
BRDA:106,7,0,0
BRDA:106,7,1,0
BRDA:110,8,0,0
BRDA:110,8,1,0
BRDA:122,9,0,0
BRDA:122,9,1,0
BRDA:140,10,0,0
BRDA:140,10,1,0
BRDA:151,11,0,0
BRDA:151,11,1,0
BRDA:158,12,0,0
BRDA:158,12,1,0
BRDA:158,13,0,0
BRDA:158,13,1,0
BRDA:158,13,2,0
BRDA:171,14,0,0
BRDA:171,14,1,0
BRDA:171,15,0,0
BRDA:171,15,1,0
BRDA:176,16,0,0
BRDA:176,16,1,0
BRDA:179,17,0,0
BRDA:179,17,1,0
BRDA:196,18,0,0
BRDA:196,18,1,0
BRDA:203,19,0,0
BRDA:203,19,1,0
BRDA:205,20,0,0
BRDA:205,20,1,0
BRDA:208,21,0,0
BRDA:208,21,1,0
BRDA:210,22,0,0
BRDA:210,22,1,0
BRDA:210,22,2,0
BRDA:210,22,3,0
BRDA:210,22,4,0
BRDA:210,22,5,0
BRDA:210,22,6,0
BRDA:210,22,7,0
BRDA:210,22,8,0
BRDA:234,23,0,0
BRDA:234,23,1,0
BRDA:237,24,0,0
BRDA:237,24,1,0
BRDA:244,25,0,0
BRDA:244,25,1,0
BRDA:245,26,0,0
BRDA:245,26,1,0
BRDA:250,27,0,0
BRDA:250,27,1,0
BRDA:251,28,0,0
BRDA:251,28,1,0
BRDA:262,29,0,0
BRDA:262,29,1,0
BRDA:263,30,0,0
BRDA:263,30,1,0
BRDA:271,31,0,0
BRDA:271,31,1,0
BRDA:282,32,0,0
BRDA:282,32,1,0
BRDA:282,33,0,0
BRDA:282,33,1,0
BRDA:290,34,0,0
BRDA:290,34,1,0
BRDA:292,35,0,0
BRDA:292,35,1,0
BRDA:300,36,0,0
BRDA:300,36,1,0
BRDA:304,37,0,0
BRDA:304,37,1,0
BRDA:311,38,0,0
BRDA:311,38,1,0
BRDA:313,39,0,0
BRDA:313,39,1,0
BRDA:313,40,0,0
BRDA:313,40,1,0
BRDA:319,41,0,0
BRDA:319,41,1,0
BRDA:322,42,0,0
BRDA:322,42,1,0
BRDA:327,43,0,0
BRDA:327,43,1,0
BRDA:327,44,0,0
BRDA:327,44,1,0
BRF:97
BRH:0
end_of_record
TN:
SF:src/retry.js
FN:65,extractErrorCode
FN:103,classifyError
FN:115,(anonymous_2)
FN:127,(anonymous_3)
FN:137,(anonymous_4)
FN:165,calculateDelay
FN:177,sleep
FN:178,(anonymous_7)
FN:198,withRetry
FN:308,retry
FN:313,(anonymous_10)
FN:320,isRetryableError
FN:328,isDuplicateTransactionError
FNF:13
FNH:13
FNDA:127,extractErrorCode
FNDA:80,classifyError
FNDA:226,(anonymous_2)
FNDA:897,(anonymous_3)
FNDA:201,(anonymous_4)
FNDA:45,calculateDelay
FNDA:29,sleep
FNDA:29,(anonymous_7)
FNDA:25,withRetry
FNDA:2,retry
FNDA:2,(anonymous_10)
FNDA:7,isRetryableError
FNDA:4,isDuplicateTransactionError
DA:4,6
DA:14,6
DA:34,6
DA:54,6
DA:66,127
DA:68,126
DA:69,30
DA:72,96
DA:73,2
DA:76,94
DA:77,2
DA:80,92
DA:81,2
DA:84,2
DA:90,2
DA:91,8
DA:95,91
DA:104,80
DA:106,79
DA:108,79
DA:109,79
DA:113,79
DA:116,226
DA:122,6
DA:125,73
DA:128,897
DA:132,11
DA:135,62
DA:138,201
DA:142,53
DA:145,9
DA:152,3
DA:155,6
DA:166,45
DA:167,45
DA:168,45
DA:169,45
DA:178,29
DA:181,6
DA:199,25
DA:201,25
DA:203,25
DA:204,54
DA:205,54
DA:206,12
DA:213,42
DA:214,42
DA:215,42
DA:221,42
DA:222,3
DA:223,1
DA:225,3
DA:235,39
DA:236,5
DA:247,34
DA:251,1
DA:262,33
DA:263,4
DA:264,1
DA:266,4
DA:277,29
DA:278,29
DA:279,11
DA:281,29
DA:282,29
DA:286,0
DA:309,2
DA:313,2
DA:321,7
DA:329,4
DA:332,6
LF:71
LH:70
BRDA:66,0,0,1
BRDA:66,0,1,126
BRDA:68,1,0,30
BRDA:68,1,1,96
BRDA:68,2,0,126
BRDA:68,2,1,30
BRDA:72,3,0,2
BRDA:72,3,1,94
BRDA:72,4,0,96
BRDA:72,4,1,2
BRDA:76,5,0,2
BRDA:76,5,1,92
BRDA:76,6,0,94
BRDA:76,6,1,2
BRDA:80,7,0,2
BRDA:80,7,1,90
BRDA:81,8,0,2
BRDA:81,8,1,0
BRDA:91,9,0,1
BRDA:91,9,1,7
BRDA:104,10,0,1
BRDA:104,10,1,79
BRDA:108,11,0,27
BRDA:108,11,1,52
BRDA:110,12,0,79
BRDA:110,12,1,3
BRDA:110,12,2,3
BRDA:110,12,3,3
BRDA:113,13,0,6
BRDA:113,13,1,73
BRDA:116,14,0,226
BRDA:116,14,1,225
BRDA:116,14,2,221
BRDA:116,14,3,221
BRDA:125,15,0,11
BRDA:125,15,1,62
BRDA:128,16,0,897
BRDA:128,16,1,893
BRDA:135,17,0,53
BRDA:135,17,1,9
BRDA:138,18,0,201
BRDA:138,18,1,180
BRDA:145,19,0,3
BRDA:145,19,1,6
BRDA:146,20,0,9
BRDA:146,20,1,9
BRDA:146,20,2,8
BRDA:146,20,3,8
BRDA:146,20,4,7
BRDA:182,21,0,6
BRDA:182,21,1,5
BRDA:183,22,0,6
BRDA:183,22,1,6
BRDA:184,23,0,6
BRDA:184,23,1,6
BRDA:198,24,0,0
BRDA:218,25,0,42
BRDA:218,25,1,0
BRDA:221,26,0,3
BRDA:221,26,1,39
BRDA:222,27,0,1
BRDA:222,27,1,2
BRDA:235,28,0,5
BRDA:235,28,1,34
BRDA:247,29,0,1
BRDA:247,29,1,33
BRDA:248,30,0,34
BRDA:248,30,1,2
BRDA:262,31,0,4
BRDA:262,31,1,29
BRDA:263,32,0,1
BRDA:263,32,1,3
BRDA:278,33,0,11
BRDA:278,33,1,18
BRDA:296,34,0,0
BRDA:296,34,1,0
BRDA:308,35,0,0
BRDA:308,36,0,0
BRF:78
BRH:71
end_of_record
